<?xml version="1.0" encoding="UTF-8"?>
<!-- Generated by org.testng.reporters.JUnitReportReporter -->
<testsuite hostname="HPi9" failures="0" tests="2" name="com.AutomationTalks.demoProject1.TestClass1" time="33.035" errors="0" timestamp="2022-10-27T01:49:13 PDT" skipped="0">
  <testcase classname="com.AutomationTalks.demoProject1.TestClass1" name="Test2" time="5.211"/>
  <system-out/>
  <testcase classname="com.AutomationTalks.demoProject1.TestClass1" name="Test1" time="27.824"/>
  <system-out/>
</testsuite> <!-- com.AutomationTalks.demoProject1.TestClass1 -->
